{"C:\\Users\\Wesley Sousa\\Documents\\Projetos\\Wesley\\api-ddd\\src\\adapters\\customer-controller.js": {"path":"C:\\Users\\Wesley Sousa\\Documents\\Projetos\\Wesley\\api-ddd\\src\\adapters\\customer-controller.js","statementMap":{"0":{"start":{"line":1,"column":23},"end":{"line":1,"column":73}},"1":{"start":{"line":2,"column":23},"end":{"line":2,"column":73}},"2":{"start":{"line":3,"column":25},"end":{"line":3,"column":79}},"3":{"start":{"line":4,"column":21},"end":{"line":4,"column":69}},"4":{"start":{"line":5,"column":23},"end":{"line":5,"column":73}},"5":{"start":{"line":7,"column":16},"end":{"line":7,"column":34}},"6":{"start":{"line":9,"column":15},"end":{"line":13,"column":2}},"7":{"start":{"line":15,"column":16},"end":{"line":15,"column":34}},"8":{"start":{"line":17,"column":15},"end":{"line":17,"column":31}},"9":{"start":{"line":19,"column":0},"end":{"line":28,"column":3}},"10":{"start":{"line":20,"column":2},"end":{"line":27,"column":3}},"11":{"start":{"line":21,"column":4},"end":{"line":21,"column":68}},"12":{"start":{"line":22,"column":20},"end":{"line":22,"column":58}},"13":{"start":{"line":23,"column":4},"end":{"line":23,"column":41}},"14":{"start":{"line":25,"column":4},"end":{"line":25,"column":36}},"15":{"start":{"line":26,"column":4},"end":{"line":26,"column":51}},"16":{"start":{"line":30,"column":0},"end":{"line":34,"column":3}},"17":{"start":{"line":31,"column":21},"end":{"line":31,"column":49}},"18":{"start":{"line":32,"column":4},"end":{"line":32,"column":61}},"19":{"start":{"line":33,"column":4},"end":{"line":33,"column":23}},"20":{"start":{"line":36,"column":0},"end":{"line":44,"column":3}},"21":{"start":{"line":37,"column":2},"end":{"line":43,"column":3}},"22":{"start":{"line":38,"column":20},"end":{"line":38,"column":65}},"23":{"start":{"line":39,"column":4},"end":{"line":39,"column":22}},"24":{"start":{"line":41,"column":4},"end":{"line":41,"column":36}},"25":{"start":{"line":42,"column":4},"end":{"line":42,"column":51}},"26":{"start":{"line":46,"column":0},"end":{"line":62,"column":3}},"27":{"start":{"line":47,"column":17},"end":{"line":47,"column":27}},"28":{"start":{"line":49,"column":2},"end":{"line":49,"column":47}},"29":{"start":{"line":50,"column":2},"end":{"line":50,"column":42}},"30":{"start":{"line":51,"column":2},"end":{"line":61,"column":3}},"31":{"start":{"line":52,"column":20},"end":{"line":52,"column":62}},"32":{"start":{"line":53,"column":4},"end":{"line":56,"column":5}},"33":{"start":{"line":54,"column":6},"end":{"line":54,"column":54}},"34":{"start":{"line":55,"column":6},"end":{"line":55,"column":64}},"35":{"start":{"line":57,"column":4},"end":{"line":57,"column":22}},"36":{"start":{"line":59,"column":4},"end":{"line":59,"column":36}},"37":{"start":{"line":60,"column":4},"end":{"line":60,"column":51}},"38":{"start":{"line":64,"column":0},"end":{"line":78,"column":3}},"39":{"start":{"line":65,"column":2},"end":{"line":77,"column":3}},"40":{"start":{"line":66,"column":15},"end":{"line":66,"column":28}},"41":{"start":{"line":67,"column":4},"end":{"line":67,"column":49}},"42":{"start":{"line":68,"column":19},"end":{"line":68,"column":51}},"43":{"start":{"line":69,"column":4},"end":{"line":72,"column":5}},"44":{"start":{"line":70,"column":6},"end":{"line":70,"column":54}},"45":{"start":{"line":71,"column":6},"end":{"line":71,"column":64}},"46":{"start":{"line":73,"column":4},"end":{"line":73,"column":27}},"47":{"start":{"line":75,"column":4},"end":{"line":75,"column":36}},"48":{"start":{"line":76,"column":4},"end":{"line":76,"column":51}},"49":{"start":{"line":80,"column":0},"end":{"line":80,"column":24}}},"fnMap":{"0":{"name":"(anonymous_0)","decl":{"start":{"line":19,"column":25},"end":{"line":19,"column":26}},"loc":{"start":{"line":19,"column":45},"end":{"line":28,"column":1}},"line":19},"1":{"name":"(anonymous_1)","decl":{"start":{"line":30,"column":24},"end":{"line":30,"column":25}},"loc":{"start":{"line":30,"column":44},"end":{"line":34,"column":1}},"line":30},"2":{"name":"(anonymous_2)","decl":{"start":{"line":36,"column":28},"end":{"line":36,"column":29}},"loc":{"start":{"line":36,"column":48},"end":{"line":44,"column":1}},"line":36},"3":{"name":"(anonymous_3)","decl":{"start":{"line":46,"column":30},"end":{"line":46,"column":31}},"loc":{"start":{"line":46,"column":50},"end":{"line":62,"column":1}},"line":46},"4":{"name":"(anonymous_4)","decl":{"start":{"line":64,"column":31},"end":{"line":64,"column":32}},"loc":{"start":{"line":64,"column":51},"end":{"line":78,"column":1}},"line":64}},"branchMap":{"0":{"loc":{"start":{"line":53,"column":4},"end":{"line":56,"column":5}},"type":"if","locations":[{"start":{"line":53,"column":4},"end":{"line":56,"column":5}},{"start":{},"end":{}}],"line":53},"1":{"loc":{"start":{"line":69,"column":4},"end":{"line":72,"column":5}},"type":"if","locations":[{"start":{"line":69,"column":4},"end":{"line":72,"column":5}},{"start":{},"end":{}}],"line":69}},"s":{"0":1,"1":1,"2":1,"3":1,"4":1,"5":1,"6":1,"7":1,"8":1,"9":1,"10":2,"11":2,"12":2,"13":1,"14":1,"15":1,"16":1,"17":1,"18":1,"19":1,"20":1,"21":2,"22":2,"23":1,"24":1,"25":1,"26":1,"27":2,"28":2,"29":2,"30":2,"31":2,"32":1,"33":0,"34":0,"35":1,"36":1,"37":1,"38":1,"39":2,"40":2,"41":2,"42":2,"43":1,"44":0,"45":0,"46":1,"47":1,"48":1,"49":1},"f":{"0":2,"1":1,"2":2,"3":2,"4":2},"b":{"0":[0,1],"1":[0,1]},"_coverageSchema":"1a1c01bbd47fc00a2c39e90264f33305004495a9","hash":"57ebdc004b90679c05e0369cbb4e468aa22d8443"}
,"C:\\Users\\Wesley Sousa\\Documents\\Projetos\\Wesley\\api-ddd\\src\\adapters\\customer-repository.js": {"path":"C:\\Users\\Wesley Sousa\\Documents\\Projetos\\Wesley\\api-ddd\\src\\adapters\\customer-repository.js","statementMap":{"0":{"start":{"line":2,"column":22},"end":{"line":2,"column":58}},"1":{"start":{"line":6,"column":4},"end":{"line":6,"column":42}},"2":{"start":{"line":10,"column":4},"end":{"line":10,"column":35}},"3":{"start":{"line":14,"column":4},"end":{"line":14,"column":38}},"4":{"start":{"line":18,"column":4},"end":{"line":20,"column":7}},"5":{"start":{"line":24,"column":4},"end":{"line":26,"column":7}},"6":{"start":{"line":30,"column":0},"end":{"line":30,"column":42}}},"fnMap":{"0":{"name":"(anonymous_0)","decl":{"start":{"line":5,"column":2},"end":{"line":5,"column":3}},"loc":{"start":{"line":5,"column":25},"end":{"line":7,"column":3}},"line":5},"1":{"name":"(anonymous_1)","decl":{"start":{"line":9,"column":2},"end":{"line":9,"column":3}},"loc":{"start":{"line":9,"column":18},"end":{"line":11,"column":3}},"line":9},"2":{"name":"(anonymous_2)","decl":{"start":{"line":13,"column":2},"end":{"line":13,"column":3}},"loc":{"start":{"line":13,"column":21},"end":{"line":15,"column":3}},"line":13},"3":{"name":"(anonymous_3)","decl":{"start":{"line":17,"column":2},"end":{"line":17,"column":3}},"loc":{"start":{"line":17,"column":29},"end":{"line":21,"column":3}},"line":17},"4":{"name":"(anonymous_4)","decl":{"start":{"line":23,"column":2},"end":{"line":23,"column":3}},"loc":{"start":{"line":23,"column":19},"end":{"line":27,"column":3}},"line":23}},"branchMap":{},"s":{"0":6,"1":1,"2":1,"3":1,"4":1,"5":1,"6":6},"f":{"0":1,"1":1,"2":1,"3":1,"4":1},"b":{},"_coverageSchema":"1a1c01bbd47fc00a2c39e90264f33305004495a9","hash":"4cead15c52ca00ef5853c4d12f8c480890313728"}
,"C:\\Users\\Wesley Sousa\\Documents\\Projetos\\Wesley\\api-ddd\\src\\application\\customer\\customer-create.js": {"path":"C:\\Users\\Wesley Sousa\\Documents\\Projetos\\Wesley\\api-ddd\\src\\application\\customer\\customer-create.js","statementMap":{"0":{"start":{"line":1,"column":27},"end":{"line":1,"column":72}},"1":{"start":{"line":2,"column":16},"end":{"line":2,"column":34}},"2":{"start":{"line":3,"column":20},"end":{"line":3,"column":63}},"3":{"start":{"line":5,"column":15},"end":{"line":9,"column":2}},"4":{"start":{"line":13,"column":27},"end":{"line":13,"column":64}},"5":{"start":{"line":15,"column":8},"end":{"line":30,"column":26}},"6":{"start":{"line":16,"column":30},"end":{"line":21,"column":11}},"7":{"start":{"line":23,"column":10},"end":{"line":29,"column":13}},"8":{"start":{"line":24,"column":12},"end":{"line":28,"column":13}},"9":{"start":{"line":25,"column":14},"end":{"line":25,"column":60}},"10":{"start":{"line":27,"column":14},"end":{"line":27,"column":72}},"11":{"start":{"line":32,"column":8},"end":{"line":32,"column":25}},"12":{"start":{"line":36,"column":0},"end":{"line":36,"column":38}}},"fnMap":{"0":{"name":"(anonymous_0)","decl":{"start":{"line":12,"column":4},"end":{"line":12,"column":5}},"loc":{"start":{"line":12,"column":24},"end":{"line":33,"column":7}},"line":12},"1":{"name":"(anonymous_1)","decl":{"start":{"line":15,"column":19},"end":{"line":15,"column":20}},"loc":{"start":{"line":15,"column":25},"end":{"line":30,"column":9}},"line":15},"2":{"name":"(anonymous_2)","decl":{"start":{"line":23,"column":44},"end":{"line":23,"column":45}},"loc":{"start":{"line":23,"column":61},"end":{"line":29,"column":11}},"line":23}},"branchMap":{"0":{"loc":{"start":{"line":24,"column":12},"end":{"line":28,"column":13}},"type":"if","locations":[{"start":{"line":24,"column":12},"end":{"line":28,"column":13}},{"start":{"line":26,"column":19},"end":{"line":28,"column":13}}],"line":24}},"s":{"0":2,"1":2,"2":2,"3":2,"4":4,"5":3,"6":1,"7":1,"8":0,"9":0,"10":0,"11":3,"12":2},"f":{"0":4,"1":1,"2":0},"b":{"0":[0,0]},"_coverageSchema":"1a1c01bbd47fc00a2c39e90264f33305004495a9","hash":"94149bd007cc88ada601bbe01cfe3400fdec53b5"}
,"C:\\Users\\Wesley Sousa\\Documents\\Projetos\\Wesley\\api-ddd\\src\\application\\customer\\customer-delete.js": {"path":"C:\\Users\\Wesley Sousa\\Documents\\Projetos\\Wesley\\api-ddd\\src\\application\\customer\\customer-delete.js","statementMap":{"0":{"start":{"line":1,"column":27},"end":{"line":1,"column":72}},"1":{"start":{"line":4,"column":8},"end":{"line":4,"column":45}},"2":{"start":{"line":8,"column":0},"end":{"line":8,"column":38}}},"fnMap":{"0":{"name":"(anonymous_0)","decl":{"start":{"line":3,"column":4},"end":{"line":3,"column":5}},"loc":{"start":{"line":3,"column":22},"end":{"line":5,"column":5}},"line":3}},"branchMap":{},"s":{"0":2,"1":2,"2":2},"f":{"0":2},"b":{},"_coverageSchema":"1a1c01bbd47fc00a2c39e90264f33305004495a9","hash":"e6c14dba441f002e8515819d826a2a8f7645cde4"}
,"C:\\Users\\Wesley Sousa\\Documents\\Projetos\\Wesley\\api-ddd\\src\\application\\customer\\customer-find-by-id.js": {"path":"C:\\Users\\Wesley Sousa\\Documents\\Projetos\\Wesley\\api-ddd\\src\\application\\customer\\customer-find-by-id.js","statementMap":{"0":{"start":{"line":1,"column":27},"end":{"line":1,"column":72}},"1":{"start":{"line":4,"column":8},"end":{"line":4,"column":47}},"2":{"start":{"line":8,"column":0},"end":{"line":8,"column":40}}},"fnMap":{"0":{"name":"(anonymous_0)","decl":{"start":{"line":3,"column":4},"end":{"line":3,"column":5}},"loc":{"start":{"line":3,"column":22},"end":{"line":5,"column":5}},"line":3}},"branchMap":{},"s":{"0":2,"1":2,"2":2},"f":{"0":2},"b":{},"_coverageSchema":"1a1c01bbd47fc00a2c39e90264f33305004495a9","hash":"5dab9cac1cbd8b49e22340235b034555fa846ced"}
,"C:\\Users\\Wesley Sousa\\Documents\\Projetos\\Wesley\\api-ddd\\src\\application\\customer\\customer-list.js": {"path":"C:\\Users\\Wesley Sousa\\Documents\\Projetos\\Wesley\\api-ddd\\src\\application\\customer\\customer-list.js","statementMap":{"0":{"start":{"line":1,"column":27},"end":{"line":1,"column":72}},"1":{"start":{"line":4,"column":8},"end":{"line":4,"column":44}},"2":{"start":{"line":8,"column":0},"end":{"line":8,"column":36}}},"fnMap":{"0":{"name":"(anonymous_0)","decl":{"start":{"line":3,"column":4},"end":{"line":3,"column":5}},"loc":{"start":{"line":3,"column":20},"end":{"line":5,"column":5}},"line":3}},"branchMap":{},"s":{"0":2,"1":2,"2":2},"f":{"0":2},"b":{},"_coverageSchema":"1a1c01bbd47fc00a2c39e90264f33305004495a9","hash":"4a0a0dde762128458093d1250aa3906e6c8704c2"}
,"C:\\Users\\Wesley Sousa\\Documents\\Projetos\\Wesley\\api-ddd\\src\\application\\customer\\customer-update.js": {"path":"C:\\Users\\Wesley Sousa\\Documents\\Projetos\\Wesley\\api-ddd\\src\\application\\customer\\customer-update.js","statementMap":{"0":{"start":{"line":1,"column":27},"end":{"line":1,"column":72}},"1":{"start":{"line":4,"column":32},"end":{"line":4,"column":69}},"2":{"start":{"line":5,"column":8},"end":{"line":7,"column":9}},"3":{"start":{"line":6,"column":10},"end":{"line":6,"column":22}},"4":{"start":{"line":8,"column":8},"end":{"line":8,"column":57}},"5":{"start":{"line":12,"column":0},"end":{"line":12,"column":38}}},"fnMap":{"0":{"name":"(anonymous_0)","decl":{"start":{"line":3,"column":4},"end":{"line":3,"column":5}},"loc":{"start":{"line":3,"column":28},"end":{"line":9,"column":7}},"line":3}},"branchMap":{"0":{"loc":{"start":{"line":5,"column":8},"end":{"line":7,"column":9}},"type":"if","locations":[{"start":{"line":5,"column":8},"end":{"line":7,"column":9}},{"start":{},"end":{}}],"line":5}},"s":{"0":2,"1":3,"2":3,"3":1,"4":2,"5":2},"f":{"0":3},"b":{"0":[1,2]},"_coverageSchema":"1a1c01bbd47fc00a2c39e90264f33305004495a9","hash":"55f26d007d7ff5989ad7e5afc31cea6f2b7feb40"}
,"C:\\Users\\Wesley Sousa\\Documents\\Projetos\\Wesley\\api-ddd\\src\\domain\\models\\customer.js": {"path":"C:\\Users\\Wesley Sousa\\Documents\\Projetos\\Wesley\\api-ddd\\src\\domain\\models\\customer.js","statementMap":{"0":{"start":{"line":1,"column":18},"end":{"line":1,"column":38}},"1":{"start":{"line":2,"column":17},"end":{"line":2,"column":55}},"2":{"start":{"line":4,"column":17},"end":{"line":15,"column":2}},"3":{"start":{"line":17,"column":0},"end":{"line":17,"column":26}}},"fnMap":{},"branchMap":{},"s":{"0":5,"1":5,"2":5,"3":5},"f":{},"b":{},"_coverageSchema":"1a1c01bbd47fc00a2c39e90264f33305004495a9","hash":"c8199f34b23266fca4e9375767f5caba22223685"}
,"C:\\Users\\Wesley Sousa\\Documents\\Projetos\\Wesley\\api-ddd\\src\\infra\\database\\config.js": {"path":"C:\\Users\\Wesley Sousa\\Documents\\Projetos\\Wesley\\api-ddd\\src\\infra\\database\\config.js","statementMap":{"0":{"start":{"line":1,"column":22},"end":{"line":1,"column":42}},"1":{"start":{"line":3,"column":18},"end":{"line":8,"column":2}},"2":{"start":{"line":10,"column":0},"end":{"line":10,"column":27}}},"fnMap":{},"branchMap":{},"s":{"0":5,"1":5,"2":5},"f":{},"b":{},"_coverageSchema":"1a1c01bbd47fc00a2c39e90264f33305004495a9","hash":"bbc7935d3097a42ac0f2d6d3c3db4fd6d871ea6b"}
,"C:\\Users\\Wesley Sousa\\Documents\\Projetos\\Wesley\\api-ddd\\src\\infra\\email\\email-provider.js": {"path":"C:\\Users\\Wesley Sousa\\Documents\\Projetos\\Wesley\\api-ddd\\src\\infra\\email\\email-provider.js","statementMap":{"0":{"start":{"line":1,"column":19},"end":{"line":1,"column":40}},"1":{"start":{"line":5,"column":4},"end":{"line":11,"column":7}},"2":{"start":{"line":15,"column":4},"end":{"line":23,"column":7}},"3":{"start":{"line":16,"column":6},"end":{"line":22,"column":9}},"4":{"start":{"line":17,"column":8},"end":{"line":21,"column":9}},"5":{"start":{"line":18,"column":10},"end":{"line":18,"column":24}},"6":{"start":{"line":20,"column":10},"end":{"line":20,"column":24}},"7":{"start":{"line":27,"column":0},"end":{"line":27,"column":35}}},"fnMap":{"0":{"name":"(anonymous_0)","decl":{"start":{"line":4,"column":2},"end":{"line":4,"column":3}},"loc":{"start":{"line":4,"column":16},"end":{"line":12,"column":3}},"line":4},"1":{"name":"(anonymous_1)","decl":{"start":{"line":14,"column":2},"end":{"line":14,"column":3}},"loc":{"start":{"line":14,"column":30},"end":{"line":24,"column":3}},"line":14},"2":{"name":"(anonymous_2)","decl":{"start":{"line":15,"column":23},"end":{"line":15,"column":24}},"loc":{"start":{"line":15,"column":44},"end":{"line":23,"column":5}},"line":15},"3":{"name":"(anonymous_3)","decl":{"start":{"line":16,"column":45},"end":{"line":16,"column":46}},"loc":{"start":{"line":16,"column":62},"end":{"line":22,"column":7}},"line":16}},"branchMap":{"0":{"loc":{"start":{"line":17,"column":8},"end":{"line":21,"column":9}},"type":"if","locations":[{"start":{"line":17,"column":8},"end":{"line":21,"column":9}},{"start":{"line":19,"column":15},"end":{"line":21,"column":9}}],"line":17}},"s":{"0":2,"1":2,"2":1,"3":1,"4":0,"5":0,"6":0,"7":2},"f":{"0":2,"1":1,"2":1,"3":0},"b":{"0":[0,0]},"_coverageSchema":"1a1c01bbd47fc00a2c39e90264f33305004495a9","hash":"be1d6848bc287c1f5d3ac385ac220740d7add2da"}
}
