TN:
SF:src\adapters\customer-controller.js
FN:19,(anonymous_0)
FN:30,(anonymous_1)
FN:36,(anonymous_2)
FN:46,(anonymous_3)
FN:64,(anonymous_4)
FNF:5
FNH:5
FNDA:2,(anonymous_0)
FNDA:1,(anonymous_1)
FNDA:2,(anonymous_2)
FNDA:2,(anonymous_3)
FNDA:2,(anonymous_4)
DA:1,1
DA:2,1
DA:3,1
DA:4,1
DA:5,1
DA:7,1
DA:9,1
DA:15,1
DA:17,1
DA:19,1
DA:20,2
DA:21,2
DA:22,2
DA:23,1
DA:25,1
DA:26,1
DA:30,1
DA:31,1
DA:32,1
DA:33,1
DA:36,1
DA:37,2
DA:38,2
DA:39,1
DA:41,1
DA:42,1
DA:46,1
DA:47,2
DA:49,2
DA:50,2
DA:51,2
DA:52,2
DA:53,1
DA:54,0
DA:55,0
DA:57,1
DA:59,1
DA:60,1
DA:64,1
DA:65,2
DA:66,2
DA:67,2
DA:68,2
DA:69,1
DA:70,0
DA:71,0
DA:73,1
DA:75,1
DA:76,1
DA:80,1
LF:50
LH:46
BRDA:53,0,0,0
BRDA:53,0,1,1
BRDA:69,1,0,0
BRDA:69,1,1,1
BRF:4
BRH:2
end_of_record
TN:
SF:src\adapters\customer-repository.js
FN:5,(anonymous_0)
FN:9,(anonymous_1)
FN:13,(anonymous_2)
FN:17,(anonymous_3)
FN:23,(anonymous_4)
FNF:5
FNH:5
FNDA:1,(anonymous_0)
FNDA:1,(anonymous_1)
FNDA:1,(anonymous_2)
FNDA:1,(anonymous_3)
FNDA:1,(anonymous_4)
DA:2,6
DA:6,1
DA:10,1
DA:14,1
DA:18,1
DA:24,1
DA:30,6
LF:7
LH:7
BRF:0
BRH:0
end_of_record
TN:
SF:src\application\customer\customer-create.js
FN:12,(anonymous_0)
FN:15,(anonymous_1)
FN:23,(anonymous_2)
FNF:3
FNH:2
FNDA:4,(anonymous_0)
FNDA:1,(anonymous_1)
FNDA:0,(anonymous_2)
DA:1,2
DA:2,2
DA:3,2
DA:5,2
DA:13,4
DA:15,3
DA:16,1
DA:23,1
DA:24,0
DA:25,0
DA:27,0
DA:32,3
DA:36,2
LF:13
LH:10
BRDA:24,0,0,0
BRDA:24,0,1,0
BRF:2
BRH:0
end_of_record
TN:
SF:src\application\customer\customer-delete.js
FN:3,(anonymous_0)
FNF:1
FNH:1
FNDA:2,(anonymous_0)
DA:1,2
DA:4,2
DA:8,2
LF:3
LH:3
BRF:0
BRH:0
end_of_record
TN:
SF:src\application\customer\customer-find-by-id.js
FN:3,(anonymous_0)
FNF:1
FNH:1
FNDA:2,(anonymous_0)
DA:1,2
DA:4,2
DA:8,2
LF:3
LH:3
BRF:0
BRH:0
end_of_record
TN:
SF:src\application\customer\customer-list.js
FN:3,(anonymous_0)
FNF:1
FNH:1
FNDA:2,(anonymous_0)
DA:1,2
DA:4,2
DA:8,2
LF:3
LH:3
BRF:0
BRH:0
end_of_record
TN:
SF:src\application\customer\customer-update.js
FN:3,(anonymous_0)
FNF:1
FNH:1
FNDA:3,(anonymous_0)
DA:1,2
DA:4,3
DA:5,3
DA:6,1
DA:8,2
DA:12,2
LF:6
LH:6
BRDA:5,0,0,1
BRDA:5,0,1,2
BRF:2
BRH:2
end_of_record
TN:
SF:src\domain\models\customer.js
FNF:0
FNH:0
DA:1,5
DA:2,5
DA:4,5
DA:17,5
LF:4
LH:4
BRF:0
BRH:0
end_of_record
TN:
SF:src\infra\database\config.js
FNF:0
FNH:0
DA:1,5
DA:3,5
DA:10,5
LF:3
LH:3
BRF:0
BRH:0
end_of_record
TN:
SF:src\infra\email\email-provider.js
FN:4,(anonymous_0)
FN:14,(anonymous_1)
FN:15,(anonymous_2)
FN:16,(anonymous_3)
FNF:4
FNH:3
FNDA:2,(anonymous_0)
FNDA:1,(anonymous_1)
FNDA:1,(anonymous_2)
FNDA:0,(anonymous_3)
DA:1,2
DA:5,2
DA:15,1
DA:16,1
DA:17,0
DA:18,0
DA:20,0
DA:27,2
LF:8
LH:5
BRDA:17,0,0,0
BRDA:17,0,1,0
BRF:2
BRH:0
end_of_record
