TN:
SF:src\application\controllers\customer-controller.js
FN:4,(anonymous_0)
FN:14,(anonymous_1)
FN:19,(anonymous_2)
FN:27,(anonymous_3)
FN:40,(anonymous_4)
FNF:5
FNH:5
FNDA:1,(anonymous_0)
FNDA:1,(anonymous_1)
FNDA:2,(anonymous_2)
FNDA:3,(anonymous_3)
FNDA:2,(anonymous_4)
DA:1,1
DA:5,1
DA:6,1
DA:7,1
DA:8,1
DA:10,0
DA:15,1
DA:16,1
DA:20,2
DA:21,2
DA:22,1
DA:24,1
DA:28,3
DA:29,3
DA:30,3
DA:31,2
DA:32,1
DA:34,1
DA:36,1
DA:41,2
DA:42,2
DA:43,2
DA:44,1
DA:46,1
DA:50,1
LF:25
LH:24
BRDA:21,0,0,1
BRDA:21,0,1,1
BRDA:31,1,0,1
BRDA:31,1,1,1
BRDA:43,2,0,1
BRDA:43,2,1,1
BRF:6
BRH:6
end_of_record
TN:
SF:src\application\services\customer-service.js
FN:4,(anonymous_0)
FN:8,(anonymous_1)
FN:12,(anonymous_2)
FN:16,(anonymous_3)
FN:25,(anonymous_4)
FNF:5
FNH:5
FNDA:1,(anonymous_0)
FNDA:1,(anonymous_1)
FNDA:1,(anonymous_2)
FNDA:1,(anonymous_3)
FNDA:1,(anonymous_4)
DA:1,2
DA:5,1
DA:9,1
DA:13,1
DA:17,1
DA:18,1
DA:19,0
DA:21,1
DA:22,1
DA:26,1
DA:30,2
LF:11
LH:10
BRDA:18,0,0,0
BRDA:18,0,1,1
BRF:2
BRH:1
end_of_record
TN:
SF:src\domain\models\customer.js
FNF:0
FNH:0
DA:1,3
DA:2,3
DA:4,3
DA:17,3
LF:4
LH:4
BRF:0
BRH:0
end_of_record
TN:
SF:src\infra\database\config.js
FNF:0
FNH:0
DA:1,3
DA:3,3
DA:8,3
LF:3
LH:3
BRF:0
BRH:0
end_of_record
TN:
SF:src\infra\repositories\customer-repository.js
FN:5,(anonymous_0)
FN:9,(anonymous_1)
FN:13,(anonymous_2)
FN:17,(anonymous_3)
FN:23,(anonymous_4)
FNF:5
FNH:5
FNDA:1,(anonymous_0)
FNDA:1,(anonymous_1)
FNDA:1,(anonymous_2)
FNDA:1,(anonymous_3)
FNDA:1,(anonymous_4)
DA:2,3
DA:6,1
DA:10,1
DA:14,1
DA:18,1
DA:24,1
DA:30,3
LF:7
LH:7
BRF:0
BRH:0
end_of_record
